<?xml version="1.0" encoding="UTF-8"?>
<testsuite name="com.example.demo.DemoApplicationTests" tests="1" skipped="0" failures="0" errors="0" timestamp="2023-06-14T00:59:22" hostname="LAPTOP-IGL99PFF" time="0.62">
  <properties/>
  <testcase name="contextLoads()" classname="com.example.demo.DemoApplicationTests" time="0.62"/>
  <system-out><![CDATA[09:59:17.256 [Test worker] DEBUG org.springframework.test.context.BootstrapUtils - Instantiating CacheAwareContextLoaderDelegate from class [org.springframework.test.context.cache.DefaultCacheAwareContextLoaderDelegate]
09:59:17.286 [Test worker] DEBUG org.springframework.test.context.BootstrapUtils - Instantiating BootstrapContext using constructor [public org.springframework.test.context.support.DefaultBootstrapContext(java.lang.Class,org.springframework.test.context.CacheAwareContextLoaderDelegate)]
09:59:17.341 [Test worker] DEBUG org.springframework.test.context.BootstrapUtils - Instantiating TestContextBootstrapper for test class [com.example.demo.DemoApplicationTests] from class [org.springframework.boot.test.context.SpringBootTestContextBootstrapper]
09:59:17.359 [Test worker] INFO org.springframework.boot.test.context.SpringBootTestContextBootstrapper - Neither @ContextConfiguration nor @ContextHierarchy found for test class [com.example.demo.DemoApplicationTests], using SpringBootContextLoader
09:59:17.364 [Test worker] DEBUG org.springframework.test.context.support.AbstractContextLoader - Did not detect default resource location for test class [com.example.demo.DemoApplicationTests]: class path resource [com/example/demo/DemoApplicationTests-context.xml] does not exist
09:59:17.366 [Test worker] DEBUG org.springframework.test.context.support.AbstractContextLoader - Did not detect default resource location for test class [com.example.demo.DemoApplicationTests]: class path resource [com/example/demo/DemoApplicationTestsContext.groovy] does not exist
09:59:17.366 [Test worker] INFO org.springframework.test.context.support.AbstractContextLoader - Could not detect default resource locations for test class [com.example.demo.DemoApplicationTests]: no resource found for suffixes {-context.xml, Context.groovy}.
09:59:17.367 [Test worker] INFO org.springframework.test.context.support.AnnotationConfigContextLoaderUtils - Could not detect default configuration classes for test class [com.example.demo.DemoApplicationTests]: DemoApplicationTests does not declare any static, non-private, non-final, nested classes annotated with @Configuration.
09:59:17.429 [Test worker] DEBUG org.springframework.test.context.support.ActiveProfilesUtils - Could not find an 'annotation declaring class' for annotation type [org.springframework.test.context.ActiveProfiles] and class [com.example.demo.DemoApplicationTests]
09:59:17.536 [Test worker] DEBUG org.springframework.context.annotation.ClassPathScanningCandidateComponentProvider - Identified candidate component class: file [C:\Users\USER\Desktop\stock-management2023\demo\build\classes\java\main\com\example\demo\DemoApplication.class]
09:59:17.538 [Test worker] INFO org.springframework.boot.test.context.SpringBootTestContextBootstrapper - Found @SpringBootConfiguration com.example.demo.DemoApplication for test class com.example.demo.DemoApplicationTests
09:59:17.728 [Test worker] DEBUG org.springframework.boot.test.context.SpringBootTestContextBootstrapper - @TestExecutionListeners is not present for class [com.example.demo.DemoApplicationTests]: using defaults.
09:59:17.729 [Test worker] INFO org.springframework.boot.test.context.SpringBootTestContextBootstrapper - Loaded default TestExecutionListener class names from location [META-INF/spring.factories]: [org.springframework.boot.test.autoconfigure.restdocs.RestDocsTestExecutionListener, org.springframework.boot.test.autoconfigure.web.client.MockRestServiceServerResetTestExecutionListener, org.springframework.boot.test.autoconfigure.web.servlet.MockMvcPrintOnlyOnFailureTestExecutionListener, org.springframework.boot.test.autoconfigure.web.servlet.WebDriverTestExecutionListener, org.springframework.boot.test.autoconfigure.webservices.client.MockWebServiceServerTestExecutionListener, org.springframework.boot.test.mock.mockito.MockitoTestExecutionListener, org.springframework.boot.test.mock.mockito.ResetMocksTestExecutionListener, org.springframework.test.context.web.ServletTestExecutionListener, org.springframework.test.context.support.DirtiesContextBeforeModesTestExecutionListener, org.springframework.test.context.event.ApplicationEventsTestExecutionListener, org.springframework.test.context.support.DependencyInjectionTestExecutionListener, org.springframework.test.context.support.DirtiesContextTestExecutionListener, org.springframework.test.context.transaction.TransactionalTestExecutionListener, org.springframework.test.context.jdbc.SqlScriptsTestExecutionListener, org.springframework.test.context.event.EventPublishingTestExecutionListener]
09:59:17.762 [Test worker] INFO org.springframework.boot.test.context.SpringBootTestContextBootstrapper - Using TestExecutionListeners: [org.springframework.test.context.web.ServletTestExecutionListener@58dea0a5, org.springframework.test.context.support.DirtiesContextBeforeModesTestExecutionListener@2a2bb0eb, org.springframework.test.context.event.ApplicationEventsTestExecutionListener@3c291aad, org.springframework.boot.test.mock.mockito.MockitoTestExecutionListener@2d0566ba, org.springframework.boot.test.autoconfigure.SpringBootDependencyInjectionTestExecutionListener@733037, org.springframework.test.context.support.DirtiesContextTestExecutionListener@7728643a, org.springframework.test.context.transaction.TransactionalTestExecutionListener@320e400, org.springframework.test.context.jdbc.SqlScriptsTestExecutionListener@5167268, org.springframework.test.context.event.EventPublishingTestExecutionListener@1cfd1875, org.springframework.boot.test.autoconfigure.restdocs.RestDocsTestExecutionListener@28c0b664, org.springframework.boot.test.autoconfigure.web.client.MockRestServiceServerResetTestExecutionListener@2c444798, org.springframework.boot.test.autoconfigure.web.servlet.MockMvcPrintOnlyOnFailureTestExecutionListener@1af7f54a, org.springframework.boot.test.autoconfigure.web.servlet.WebDriverTestExecutionListener@6ebd78d1, org.springframework.boot.test.autoconfigure.webservices.client.MockWebServiceServerTestExecutionListener@436390f4, org.springframework.boot.test.mock.mockito.ResetMocksTestExecutionListener@4d157787]
09:59:17.770 [Test worker] DEBUG org.springframework.test.context.support.AbstractDirtiesContextTestExecutionListener - Before test class: context [DefaultTestContext@3704122f testClass = DemoApplicationTests, testInstance = [null], testMethod = [null], testException = [null], mergedContextConfiguration = [WebMergedContextConfiguration@3153ddfc testClass = DemoApplicationTests, locations = '{}', classes = '{class com.example.demo.DemoApplication}', contextInitializerClasses = '[]', activeProfiles = '{}', propertySourceLocations = '{}', propertySourceProperties = '{org.springframework.boot.test.context.SpringBootTestContextBootstrapper=true}', contextCustomizers = set[org.springframework.boot.test.autoconfigure.actuate.metrics.MetricsExportContextCustomizerFactory$DisableMetricExportContextCustomizer@1698fc68, org.springframework.boot.test.autoconfigure.properties.PropertyMappingContextCustomizer@0, org.springframework.boot.test.autoconfigure.web.servlet.WebDriverContextCustomizerFactory$Customizer@792bbc74, org.springframework.boot.test.context.filter.ExcludeFilterContextCustomizer@338494fa, org.springframework.boot.test.json.DuplicateJsonObjectContextCustomizerFactory$DuplicateJsonObjectContextCustomizer@19ae6bb, org.springframework.boot.test.mock.mockito.MockitoContextCustomizer@0, org.springframework.boot.test.web.client.TestRestTemplateContextCustomizer@3fffff43, org.springframework.boot.test.context.SpringBootTestArgs@1, org.springframework.boot.test.context.SpringBootTestWebEnvironment@19b89d4], resourceBasePath = 'src/main/webapp', contextLoader = 'org.springframework.boot.test.context.SpringBootContextLoader', parent = [null]], attributes = map['org.springframework.test.context.web.ServletTestExecutionListener.activateListener' -> true]], class annotated with @DirtiesContext [false] with mode [null].

  .   ____          _            __ _ _
 /\\ / ___'_ __ _ _(_)_ __  __ _ \ \ \ \
( ( )\___ | '_ | '_| | '_ \/ _` | \ \ \ \
 \\/  ___)| |_)| | | | | || (_| |  ) ) ) )
  '  |____| .__|_| |_|_| |_\__, | / / / /
 =========|_|==============|___/=/_/_/_/
 :: Spring Boot ::               (v2.7.11)

2023-06-14 09:59:18.292  INFO 5900 --- [    Test worker] com.example.demo.DemoApplicationTests    : Starting DemoApplicationTests using Java 11.0.18 on LAPTOP-IGL99PFF with PID 5900 (started by USER in C:\Users\USER\Desktop\stock-management2023\demo)
2023-06-14 09:59:18.296  INFO 5900 --- [    Test worker] com.example.demo.DemoApplicationTests    : No active profile set, falling back to 1 default profile: "default"
2023-06-14 09:59:20.669  INFO 5900 --- [    Test worker] o.f.c.internal.license.VersionPrinter    : Flyway Community Edition 7.15.0 by Redgate
2023-06-14 09:59:20.670  INFO 5900 --- [    Test worker] o.f.c.i.database.base.BaseDatabaseType   : Database: jdbc:postgresql://localhost:5432/stock (PostgreSQL 12.2)
2023-06-14 09:59:20.759  INFO 5900 --- [    Test worker] o.f.core.internal.command.DbValidate     : Successfully validated 0 migrations (execution time 00:00.027s)
2023-06-14 09:59:20.759  WARN 5900 --- [    Test worker] o.f.core.internal.command.DbValidate     : No migrations found. Are your locations set up correctly?
2023-06-14 09:59:20.784  INFO 5900 --- [    Test worker] o.f.core.internal.command.DbMigrate      : Current version of schema "public": << Empty Schema >>
2023-06-14 09:59:20.788  INFO 5900 --- [    Test worker] o.f.core.internal.command.DbMigrate      : Schema "public" is up to date. No migration necessary.
2023-06-14 09:59:21.033  WARN 5900 --- [    Test worker] .s.s.UserDetailsServiceAutoConfiguration : 

Using generated security password: 85de2552-6f1a-400e-9c25-692fa9a41991

This generated password is for development use only. Your security configuration must be updated before running your application in production.

2023-06-14 09:59:21.326  INFO 5900 --- [    Test worker] o.s.s.web.DefaultSecurityFilterChain     : Will secure any request with [org.springframework.security.web.session.DisableEncodeUrlFilter@486bd064, org.springframework.security.web.context.request.async.WebAsyncManagerIntegrationFilter@6459f4ea, org.springframework.security.web.context.SecurityContextPersistenceFilter@5a592c70, org.springframework.security.web.header.HeaderWriterFilter@216372b7, org.springframework.web.filter.CorsFilter@740b9a50, org.springframework.security.web.authentication.logout.LogoutFilter@50bc3219, org.springframework.security.web.savedrequest.RequestCacheAwareFilter@74f280bd, org.springframework.security.web.servletapi.SecurityContextHolderAwareRequestFilter@636985df, org.springframework.security.web.authentication.AnonymousAuthenticationFilter@476fde05, org.springframework.security.web.session.SessionManagementFilter@42c12b3e, org.springframework.security.web.access.ExceptionTranslationFilter@7c453c34]
2023-06-14 09:59:22.396  INFO 5900 --- [    Test worker] com.example.demo.DemoApplicationTests    : Started DemoApplicationTests in 4.558 seconds (JVM running for 7.079)
]]></system-out>
  <system-err><![CDATA[]]></system-err>
</testsuite>
